vagrant@ubuntu-14:~$ docker logs ha
[s6-init] making user provided files available at /var/run/s6/etc...exited 0.
[s6-init] ensuring user provided files have correct perms...exited 0.
[fix-attrs.d] applying ownership & permissions fixes...
[fix-attrs.d] done.
[cont-init.d] executing container initialization scripts...
[cont-init.d] done.
[services.d] starting services
[services.d] done.
/opt/bin/serf agent --join ha --replay --event-handler member-join=/serf-handlers/member-join.sh --event-handler member-leave,member-failed=/serf-handlers/member-leave.sh --tag role=balancer
==> Starting Serf agent...
==> Starting Serf agent RPC...
==> Serf agent running!
         Node name: '8606ba376a3b'
         Bind addr: '0.0.0.0:7946'
          RPC addr: '127.0.0.1:7373'
         Encrypted: false
          Snapshot: false
           Profile: lan
==> Joining cluster...(replay: true)
[WARNING] 351/183626 (173) : Server nodes/s1 is DOWN, reason: Layer4 connection problem, info: "Connection refused", check duration: 0ms. 1 active and 0 backup servers left. 0 sessions active, 0 requeued, 0 remaining in queue.
    Join completed. Synced with 1 initial agents

==> Log data will now stream in as it occurs:

    2018/12/18 18:36:25 [INFO] agent: Serf agent starting
    2018/12/18 18:36:26 [INFO] serf: EventMemberJoin: 8606ba376a3b 172.18.0.2
    2018/12/18 18:36:26 [INFO] agent: joining: [ha] replay: true
    2018/12/18 18:36:26 [INFO] agent: joined: 1 nodes
    2018/12/18 18:36:27 [INFO] agent: Received event: member-join
    2018/12/18 18:36:27 [ERR] agent: Error invoking script '/serf-handlers/member-join.sh': exit status 127
[WARNING] 351/183627 (173) : Server nodes/s2 is DOWN, reason: Layer4 connection problem, info: "Connection refused", check duration: 0ms. 0 active and 0 backup servers left. 0 sessions active, 0 requeued, 0 remaining in queue.
[ALERT] 351/183627 (173) : backend 'nodes' has no server available!
    2018/12/18 18:36:31 [INFO] serf: EventMemberJoin: a414c6e7176d 172.18.0.3
    2018/12/18 18:36:32 [INFO] agent: Received event: member-join
    2018/12/18 18:36:32 [ERR] agent: Error invoking script '/serf-handlers/member-join.sh': exit status 127
    2018/12/18 18:36:34 [INFO] serf: EventMemberJoin: 5c9e65a75883 172.18.0.4
    2018/12/18 18:36:35 [INFO] agent: Received event: member-join
    2018/12/18 18:36:35 [ERR] agent: Error invoking script '/serf-handlers/member-join.sh': exit status 127